<?xml version="1.0" encoding="UTF-8"?>
<testsuite name="OralExamTest" tests="10" skipped="0" failures="0" errors="0" timestamp="2018-06-30T17:08:28" hostname="Anjas-MacBook-Air-2.fritz.box" time="0.008">
  <properties/>
  <testcase name="addAndRemoveExamRooms" classname="OralExamTest" time="0.0"/>
  <testcase name="addStudentWrongTime" classname="OralExamTest" time="0.0"/>
  <testcase name="addTwoExamRooms" classname="OralExamTest" time="0.001"/>
  <testcase name="oralExamIsExam" classname="OralExamTest" time="0.002"/>
  <testcase name="addNotExamRoom" classname="OralExamTest" time="0.0"/>
  <testcase name="addTwoStudents" classname="OralExamTest" time="0.0"/>
  <testcase name="addStudent" classname="OralExamTest" time="0.0"/>
  <testcase name="addExamRoom" classname="OralExamTest" time="0.0"/>
  <testcase name="oralExam" classname="OralExamTest" time="0.0"/>
  <testcase name="addExamRoomAndNonExamRoom" classname="OralExamTest" time="0.0"/>
  <system-out><![CDATA[]]></system-out>
  <system-err><![CDATA[]]></system-err>
</testsuite>
