<?xml version="1.0" encoding="UTF-8"?>
<testsuite name="TitleTest" tests="2" skipped="0" failures="0" errors="0" timestamp="2018-06-30T17:08:28" hostname="Anjas-MacBook-Air-2.fritz.box" time="0.002">
  <properties/>
  <testcase name="string" classname="TitleTest" time="0.001"/>
  <testcase name="values" classname="TitleTest" time="0.0"/>
  <system-out><![CDATA[]]></system-out>
  <system-err><![CDATA[]]></system-err>
</testsuite>
