<?xml version="1.0" encoding="UTF-8"?>
<testsuite name="ExamtypeTest" tests="1" skipped="0" failures="0" errors="0" timestamp="2018-06-30T17:08:27" hostname="Anjas-MacBook-Air-2.fritz.box" time="0.004">
  <properties/>
  <testcase name="values" classname="ExamtypeTest" time="0.004"/>
  <system-out><![CDATA[]]></system-out>
  <system-err><![CDATA[]]></system-err>
</testsuite>
