<?xml version="1.0" encoding="UTF-8"?>
<testsuite name="Summerterm2018Test" tests="2" skipped="0" failures="0" errors="0" timestamp="2018-06-30T17:08:28" hostname="Anjas-MacBook-Air-2.fritz.box" time="0.012">
  <properties/>
  <testcase name="seiiib" classname="Summerterm2018Test" time="0.008"/>
  <testcase name="algdatii" classname="Summerterm2018Test" time="0.003"/>
  <system-out><![CDATA[[Christoph Schmitt, Christa Schmidt]]]></system-out>
  <system-err><![CDATA[]]></system-err>
</testsuite>
