<?xml version="1.0" encoding="UTF-8"?>
<testsuite name="LecturerTest" tests="4" skipped="0" failures="0" errors="0" timestamp="2018-06-30T17:08:27" hostname="Anjas-MacBook-Air-2.fritz.box" time="0.053">
  <properties/>
  <testcase name="lecturerWithTitleSetTitle" classname="LecturerTest" time="0.045"/>
  <testcase name="lecturerWithoutTitleSetTitle" classname="LecturerTest" time="0.002"/>
  <testcase name="lecturerWithTitle" classname="LecturerTest" time="0.004"/>
  <testcase name="lecturerWithoutTitle" classname="LecturerTest" time="0.001"/>
  <system-out><![CDATA[]]></system-out>
  <system-err><![CDATA[]]></system-err>
</testsuite>
