<?xml version="1.0" encoding="UTF-8"?>
<testsuite name="GroupTest" tests="6" skipped="0" failures="0" errors="0" timestamp="2018-06-30T17:08:27" hostname="Anjas-MacBook-Air-2.fritz.box" time="0.013">
  <properties/>
  <testcase name="master" classname="GroupTest" time="0.002"/>
  <testcase name="string" classname="GroupTest" time="0.002"/>
  <testcase name="values" classname="GroupTest" time="0.001"/>
  <testcase name="masters" classname="GroupTest" time="0.001"/>
  <testcase name="bachelors" classname="GroupTest" time="0.001"/>
  <testcase name="bachelor" classname="GroupTest" time="0.0"/>
  <system-out><![CDATA[]]></system-out>
  <system-err><![CDATA[]]></system-err>
</testsuite>
